<?xml version="1.0" encoding="UTF-8"?>
<!-- Generated by org.testng.reporters.JUnitXMLReporter -->
<testsuite ignored="0" hostname="Sagar-PC" failures="0" tests="4" name="Default test" time="0.099" errors="0" timestamp="2023-01-08T22:12:46 IST">
  <testcase classname="test_Demo.a4" name="Test1" time="0.021"/>
  <testcase classname="test_Demo.a4" name="Test2" time="0.002"/>
  <testcase classname="test_Demo.a4" name="Test3" time="0.002"/>
  <testcase classname="test_Demo.a4" name="Test4" time="0.001"/>
</testsuite> <!-- Default test -->
