<?xml version="1.0" encoding="UTF-8"?>
<!-- Generated by org.testng.reporters.JUnitXMLReporter -->
<testsuite ignored="0" hostname="Sagar-PC" failures="1" tests="11" name="Test" time="10.382" errors="0" timestamp="2023-01-08T23:43:32 IST">
  <testcase classname="test_Demo.a3" name="TestA" time="0.015">
    <failure type="java.lang.AssertionError" message="expected [true] but found [false]">
      <![CDATA[java.lang.AssertionError: expected [true] but found [false]
at test_Demo.a3.TestA(a3.java:16)
at java.base/java.util.ArrayList.forEach(ArrayList.java:1511)
... Removed 29 stack frames]]>
    </failure>
  </testcase> <!-- TestA -->
  <testcase classname="test_Demo.a3" name="TestB" time="0.001"/>
  <testcase classname="test_Demo.a3" name="TestB" time="0.001"/>
  <testcase classname="test_Demo.a3" name="TestC" time="0.0">
    <skipped/>
  </testcase> <!-- TestC -->
  <testcase classname="test_Demo.a2" name="testV" time="0.001"/>
  <testcase classname="test_Demo.a2" name="testN" time="0.001"/>
  <testcase classname="test_Demo.a4" name="Test1" time="0.002"/>
  <testcase classname="test_Demo.a4" name="Test2" time="0.001"/>
  <testcase classname="test_Demo.a4" name="Test3" time="0.0"/>
  <testcase classname="test_Demo.a4" name="Test4" time="0.0"/>
  <testcase classname="test_Demo.a1" name="test1" time="0.0"/>
</testsuite> <!-- Test -->
